<?xml version="1.0" encoding="UTF-8"?>
<!-- Generated by org.testng.reporters.JUnitReportReporter -->
<testsuite skipped="0" hostname="DESKTOP-KN642OP" name="com.qa.internetherokuapp.tests.HomePageTest" tests="3" failures="0" timestamp="12 Oct 2023 17:19:47 GMT" time="5.970" errors="0">
  <testcase name="verifyJSAlert" time="2.934" classname="com.qa.internetherokuapp.tests.HomePageTest"/>
  <testcase name="verifyJSConfirm" time="1.092" classname="com.qa.internetherokuapp.tests.HomePageTest"/>
  <testcase name="verifyJSPrompt" time="1.944" classname="com.qa.internetherokuapp.tests.HomePageTest"/>
</testsuite> <!-- com.qa.internetherokuapp.tests.HomePageTest -->
